[debug] [2025-01-21T12:00:51.874Z] ----------------------------------------------------------------------
[debug] [2025-01-21T12:00:51.877Z] Command:       C:\Program Files\nodejs\node.exe C:\Users\Barbie\AppData\Roaming\npm\node_modules\firebase-tools\lib\bin\firebase.js init
[debug] [2025-01-21T12:00:51.877Z] CLI Version:   13.29.1
[debug] [2025-01-21T12:00:51.877Z] Platform:      win32
[debug] [2025-01-21T12:00:51.877Z] Node Version:  v22.12.0
[debug] [2025-01-21T12:00:51.877Z] Time:          Tue Jan 21 2025 17:30:51 GMT+0530 (India Standard Time)
[debug] [2025-01-21T12:00:51.877Z] ----------------------------------------------------------------------
[debug] 
[debug] [2025-01-21T12:00:51.885Z] > command requires scopes: ["email","openid","https://www.googleapis.com/auth/cloudplatformprojects.readonly","https://www.googleapis.com/auth/firebase","https://www.googleapis.com/auth/cloud-platform"]
[debug] [2025-01-21T12:00:51.886Z] > authorizing via signed-in user (lasyareddypulilasyareddypuli@gmail.com)
[info] 
     ######## #### ########  ######## ########     ###     ######  ########
     ##        ##  ##     ## ##       ##     ##  ##   ##  ##       ##
     ######    ##  ########  ######   ########  #########  ######  ######
     ##        ##  ##    ##  ##       ##     ## ##     ##       ## ##
     ##       #### ##     ## ######## ########  ##     ##  ######  ########

You're about to initialize a Firebase project in this directory:

  C:\Users\Barbie\.vscode\clone\quest\frontend

[info] 
=== Project Setup
[info] 
[info] First, let's associate this project directory with a Firebase project.
[info] You can create multiple project aliases by running firebase use --add, 
[info] but for now we'll just set up a default project.
[info] 
[debug] [2025-01-21T12:02:50.005Z] Checked if tokens are valid: true, expires at: 1737464241623
[debug] [2025-01-21T12:02:50.005Z] Checked if tokens are valid: true, expires at: 1737464241623
[debug] [2025-01-21T12:02:50.007Z] >>> [apiv2][query] GET https://firebase.googleapis.com/v1beta1/projects pageSize=100
[debug] [2025-01-21T12:02:50.695Z] <<< [apiv2][status] GET https://firebase.googleapis.com/v1beta1/projects 200
[debug] [2025-01-21T12:02:50.695Z] <<< [apiv2][body] GET https://firebase.googleapis.com/v1beta1/projects [omitted]
[info] i  Using project ghodyf-c475c (ghodyf) 
[info] 
=== Hosting Setup
[debug] [2025-01-21T12:02:53.574Z] Checked if tokens are valid: true, expires at: 1737464241623
[debug] [2025-01-21T12:02:53.574Z] Checked if tokens are valid: true, expires at: 1737464241623
[debug] [2025-01-21T12:02:53.575Z] >>> [apiv2][query] GET https://firebase.googleapis.com/v1beta1/projects/ghodyf-c475c [none]
[debug] [2025-01-21T12:02:53.910Z] <<< [apiv2][status] GET https://firebase.googleapis.com/v1beta1/projects/ghodyf-c475c 200
[debug] [2025-01-21T12:02:53.910Z] <<< [apiv2][body] GET https://firebase.googleapis.com/v1beta1/projects/ghodyf-c475c {"projectId":"ghodyf-c475c","projectNumber":"547147649839","displayName":"ghodyf","name":"projects/ghodyf-c475c","resources":{"hostingSite":"ghodyf-c475c"},"state":"ACTIVE","etag":"1_bb37a5ba-a5ce-4408-9421-380cf1db8b18"}
[info] 
[info] Your public directory is the folder (relative to your project directory) that
[info] will contain Hosting assets to be uploaded with firebase deploy. If you
[info] have a build process for your assets, use your build's output directory.
[info] 
[debug] [2025-01-21T12:02:58.637Z] >>> [apiv2][query] GET https://www.gstatic.com/firebasejs/releases.json [none]
[debug] [2025-01-21T12:02:58.738Z] <<< [apiv2][status] GET https://www.gstatic.com/firebasejs/releases.json 200
[debug] [2025-01-21T12:02:58.739Z] <<< [apiv2][body] GET https://www.gstatic.com/firebasejs/releases.json {"current":{"version":"11.2.0","browserURL":"https://www.gstatic.com/firebasejs/11.2.0/firebase.js","packageURL":"https://www.gstatic.com/firebasejs/11.2.0/firebase.tgz"},"live":{"version":"11.2","browserURL":"https://www.gstatic.com/firebasejs/live/11.2/firebase.js","packageURL":"https://www.gstatic.com/firebasejs/live/11.2/firebase.tgz"},"components":{"analytics":"https://www.gstatic.com/firebasejs/11.2.0/firebase-analytics.js","app":"https://www.gstatic.com/firebasejs/11.2.0/firebase-app.js","app-check":"https://www.gstatic.com/firebasejs/11.2.0/firebase-app-check.js","auth":"https://www.gstatic.com/firebasejs/11.2.0/firebase-auth.js","auth/cordova":"https://www.gstatic.com/firebasejs/11.2.0/firebase-auth/cordova.js","auth/web-extension":"https://www.gstatic.com/firebasejs/11.2.0/firebase-auth/web-extension.js","functions":"https://www.gstatic.com/firebasejs/11.2.0/firebase-functions.js","firestore":"https://www.gstatic.com/firebasejs/11.2.0/firebase-firestore.js","firestore/lite":"https://www.gstatic.com/firebasejs/11.2.0/firebase-firestore/lite.js","installations":"https://www.gstatic.com/firebasejs/11.2.0/firebase-installations.js","storage":"https://www.gstatic.com/firebasejs/11.2.0/firebase-storage.js","performance":"https://www.gstatic.com/firebasejs/11.2.0/firebase-performance.js","remote-config":"https://www.gstatic.com/firebasejs/11.2.0/firebase-remote-config.js","messaging":"https://www.gstatic.com/firebasejs/11.2.0/firebase-messaging.js","messaging/sw":"https://www.gstatic.com/firebasejs/11.2.0/firebase-messaging/sw.js","database":"https://www.gstatic.com/firebasejs/11.2.0/firebase-database.js","vertexai":"https://www.gstatic.com/firebasejs/11.2.0/firebase-vertexai.js","data-connect":"https://www.gstatic.com/firebasejs/11.2.0/firebase-data-connect.js","firestore.memory":"https://www.gstatic.com/firebasejs/11.2.0/firebase-firestore.memory.js"}}
[info] +  Wrote public/index.html 
[info] 
[info] i  Detected a .git folder at C:\Users\Barbie\.vscode 
[info] i  Authorizing with GitHub to upload your service account to a GitHub repository's secrets store. 
[info] 
[info] Visit this URL on this device to log in:
[info] https://github.com/login/oauth/authorize?client_id=89cf50f02ac6aaed3484&state=626024632&redirect_uri=http%3A%2F%2Flocalhost%3A9005&scope=read%3Auser%20repo%20public_repo
[info] 
[info] Waiting for authentication...
[debug] [2025-01-21T12:03:34.651Z] >>> [apiv2][query] POST https://github.com/login/oauth/access_token [none]
[debug] [2025-01-21T12:03:34.651Z] >>> [apiv2][body] POST https://github.com/login/oauth/access_token [stream]
[debug] [2025-01-21T12:03:35.058Z] <<< [apiv2][status] POST https://github.com/login/oauth/access_token 200
[debug] [2025-01-21T12:03:35.058Z] <<< [apiv2][body] POST https://github.com/login/oauth/access_token {"access_token":"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","token_type":"bearer","scope":"read:user,repo"}
[debug] [2025-01-21T12:03:35.064Z] >>> [apiv2][query] GET https://api.github.com/user [none]
[debug] [2025-01-21T12:03:35.488Z] <<< [apiv2][status] GET https://api.github.com/user 200
[debug] [2025-01-21T12:03:35.488Z] <<< [apiv2][body] GET https://api.github.com/user {"login":"giyutomokia","id":137532030,"node_id":"U_kgDOCDKSfg","avatar_url":"https://avatars.githubusercontent.com/u/137532030?v=4","gravatar_id":"","url":"https://api.github.com/users/giyutomokia","html_url":"https://github.com/giyutomokia","followers_url":"https://api.github.com/users/giyutomokia/followers","following_url":"https://api.github.com/users/giyutomokia/following{/other_user}","gists_url":"https://api.github.com/users/giyutomokia/gists{/gist_id}","starred_url":"https://api.github.com/users/giyutomokia/starred{/owner}{/repo}","subscriptions_url":"https://api.github.com/users/giyutomokia/subscriptions","organizations_url":"https://api.github.com/users/giyutomokia/orgs","repos_url":"https://api.github.com/users/giyutomokia/repos","events_url":"https://api.github.com/users/giyutomokia/events{/privacy}","received_events_url":"https://api.github.com/users/giyutomokia/received_events","type":"User","user_view_type":"private","site_admin":false,"name":null,"company":null,"blog":"","location":null,"email":null,"hireable":null,"bio":null,"twitter_username":null,"notification_email":null,"public_repos":22,"public_gists":0,"followers":0,"following":0,"created_at":"2023-06-23T16:54:18Z","updated_at":"2025-01-21T12:03:31Z","private_gists":0,"total_private_repos":2,"owned_private_repos":2,"disk_usage":72171,"collaborators":0,"two_factor_authentication":false,"plan":{"name":"free","space":976562499,"collaborators":0,"private_repos":10000}}
[info] 
[info] +  Success! Logged into GitHub as giyutomokia 
[info] 
